<?xml version="1.0" ?>
<testsuites disabled="0" errors="0" failures="0" tests="4" time="1.1135761737823486328125">
	<testsuite disabled="0" errors="0" failures="0" name="hello_module-bcru9upv" skipped="0" tests="4" time="1.1135761737823486328125">
		<testcase classname="" name="[testhost] testhost: Gathering Facts" time="0.9089515209197998">
			<system-out>{
&quot;ansible_facts&quot;: {
&quot;ansible_aap_connect24&quot;: {
&quot;active&quot;: false,
&quot;device&quot;: &quot;aap-connect24&quot;,
&quot;features&quot;: {
&quot;esp_hw_offload&quot;: &quot;off [fixed]&quot;,
&quot;esp_tx_csum_hw_offload&quot;: &quot;off [fixed]&quot;,
&quot;generic_receive_offload&quot;: &quot;on&quot;,
&quot;generic_segmentation_offload&quot;: &quot;on&quot;,
&quot;highdma&quot;: &quot;on&quot;,
&quot;hsr_dup_offload&quot;: &quot;off [fixed]&quot;,
&quot;hsr_fwd_offload&quot;: &quot;off [fixed]&quot;,
&quot;hsr_tag_ins_offload&quot;: &quot;off [fixed]&quot;,
&quot;hsr_tag_rm_offload&quot;: &quot;off [fixed]&quot;,
&quot;hw_tc_offload&quot;: &quot;off [fixed]&quot;,
&quot;l2_fwd_offload&quot;: &quot;off [fixed]&quot;,
&quot;large_receive_offload&quot;: &quot;off [fixed]&quot;,
&quot;loopback&quot;: &quot;off [fixed]&quot;,
&quot;macsec_hw_offload&quot;: &quot;off [fixed]&quot;,
&quot;ntuple_filters&quot;: &quot;off [fixed]&quot;,
&quot;receive_hashing&quot;: &quot;off [fixed]&quot;,
&quot;rx_all&quot;: &quot;off [fixed]&quot;,
&quot;rx_checksumming&quot;: &quot;off [fixed]&quot;,
&quot;rx_fcs&quot;: &quot;off [fixed]&quot;,
&quot;rx_gro_hw&quot;: &quot;off [fixed]&quot;,
&quot;rx_gro_list&quot;: &quot;off&quot;,
&quot;rx_udp_gro_forwarding&quot;: &quot;off&quot;,
&quot;rx_udp_tunnel_port_offload&quot;: &quot;off [fixed]&quot;,
&quot;rx_vlan_filter&quot;: &quot;off [fixed]&quot;,
&quot;rx_vlan_offload&quot;: &quot;off [fixed]&quot;,
&quot;rx_vlan_stag_filter&quot;: &quot;off [fixed]&quot;,
&quot;rx_vlan_stag_hw_parse&quot;: &quot;off [fixed]&quot;,
&quot;scatter_gather&quot;: &quot;on&quot;,
&quot;tcp_segmentation_offload&quot;: &quot;on&quot;,
&quot;tls_hw_record&quot;: &quot;off [fixed]&quot;,
&quot;tls_hw_rx_offload&quot;: &quot;off [fixed]&quot;,
&quot;tls_hw_tx_offload&quot;: &quot;off [fixed]&quot;,
&quot;tx_checksum_fcoe_crc&quot;: &quot;off [fixed]&quot;,
&quot;tx_checksum_ip_generic&quot;: &quot;on&quot;,
&quot;tx_checksum_ipv4&quot;: &quot;off [fixed]&quot;,
&quot;tx_checksum_ipv6&quot;: &quot;off [fixed]&quot;,
&quot;tx_checksum_sctp&quot;: &quot;off [fixed]&quot;,
&quot;tx_checksumming&quot;: &quot;on&quot;,
&quot;tx_esp_segmentation&quot;: &quot;on&quot;,
&quot;tx_fcoe_segmentation&quot;: &quot;on&quot;,
&quot;tx_gre_csum_segmentation&quot;: &quot;on&quot;,
&quot;tx_gre_segmentation&quot;: &quot;on&quot;,
&quot;tx_gso_list&quot;: &quot;on&quot;,
&quot;tx_gso_partial&quot;: &quot;on&quot;,
&quot;tx_gso_robust&quot;: &quot;on&quot;,
&quot;tx_ipxip4_segmentation&quot;: &quot;on&quot;,
&quot;tx_ipxip6_segmentation&quot;: &quot;on&quot;,
&quot;tx_nocache_copy&quot;: &quot;off&quot;,
&quot;tx_scatter_gather&quot;: &quot;on&quot;,
&quot;tx_scatter_gather_fraglist&quot;: &quot;on&quot;,
&quot;tx_sctp_segmentation&quot;: &quot;on&quot;,
&quot;tx_tcp6_segmentation&quot;: &quot;on&quot;,
&quot;tx_tcp_ecn_segmentation&quot;: &quot;on&quot;,
&quot;tx_tcp_mangleid_segmentation&quot;: &quot;on&quot;,
&quot;tx_tcp_segmentation&quot;: &quot;on&quot;,
&quot;tx_tunnel_remcsum_segmentation&quot;: &quot;on&quot;,
&quot;tx_udp_segmentation&quot;: &quot;on&quot;,
&quot;tx_udp_tnl_csum_segmentation&quot;: &quot;on&quot;,
&quot;tx_udp_tnl_segmentation&quot;: &quot;on&quot;,
&quot;tx_vlan_offload&quot;: &quot;on&quot;,
&quot;tx_vlan_stag_hw_insert&quot;: &quot;on&quot;,
&quot;vlan_challenged&quot;: &quot;off [fixed]&quot;
},
&quot;hw_timestamp_filters&quot;: [],
&quot;id&quot;: &quot;8000.525400eec9ec&quot;,
&quot;interfaces&quot;: [],
&quot;ipv4&quot;: {
&quot;address&quot;: &quot;10.10.10.1&quot;,
&quot;broadcast&quot;: &quot;10.10.10.255&quot;,
&quot;netmask&quot;: &quot;255.255.255.0&quot;,
&quot;network&quot;: &quot;10.10.10.0&quot;,
&quot;prefix&quot;: &quot;24&quot;
},
&quot;macaddress&quot;: &quot;52:54:00:ee:c9:ec&quot;,
&quot;mtu&quot;: 1500,
&quot;promisc&quot;: false,
&quot;speed&quot;: -1,
&quot;stp&quot;: true,
&quot;timestamping&quot;: [],
&quot;type&quot;: &quot;bridge&quot;
},
&quot;ansible_all_ipv4_addresses&quot;: [
&quot;10.0.0.101&quot;,
&quot;192.168.122.1&quot;,
&quot;10.10.10.1&quot;
],
&quot;ansible_all_ipv6_addresses&quot;: [
&quot;fe80::ae60:f5d6:185e:57cc&quot;
],
&quot;ansible_apparmor&quot;: {
&quot;status&quot;: &quot;disabled&quot;
},
&quot;ansible_architecture&quot;: &quot;x86_64&quot;,
&quot;ansible_bios_date&quot;: &quot;04/18/2024&quot;,
&quot;ansible_bios_vendor&quot;: &quot;LENOVO&quot;,
&quot;ansible_bios_version&quot;: &quot;N35ET58W (1.58 )&quot;,
&quot;ansible_board_asset_tag&quot;: &quot;Not Available&quot;,
&quot;ansible_board_name&quot;: &quot;20WNS1F83H&quot;,
&quot;ansible_board_serial&quot;: &quot;NA&quot;,
&quot;ansible_board_vendor&quot;: &quot;LENOVO&quot;,
&quot;ansible_board_version&quot;: &quot;Not Defined&quot;,
&quot;ansible_chassis_asset_tag&quot;: &quot;No Asset Information&quot;,
&quot;ansible_chassis_serial&quot;: &quot;NA&quot;,
&quot;ansible_chassis_vendor&quot;: &quot;LENOVO&quot;,
&quot;ansible_chassis_version&quot;: &quot;None&quot;,
&quot;ansible_cmdline&quot;: {
&quot;BOOT_IMAGE&quot;: &quot;(hd0,gpt2)/vmlinuz-6.14.5-100.fc40.x86_64&quot;,
&quot;quiet&quot;: true,
&quot;rd.luks.uuid&quot;: &quot;luks-0926f583-170f-4787-b9cd-3bf6fabddf4f&quot;,
&quot;rhgb&quot;: true,
&quot;ro&quot;: true,
&quot;root&quot;: &quot;UUID=af87cae1-5514-4fdb-adad-6142deeca0a0&quot;,
&quot;rootflags&quot;: &quot;subvol=root&quot;
},
&quot;ansible_date_time&quot;: {
&quot;date&quot;: &quot;2025-06-15&quot;,
&quot;day&quot;: &quot;15&quot;,
&quot;epoch&quot;: &quot;1749980963&quot;,
&quot;epoch_int&quot;: &quot;1749980963&quot;,
&quot;hour&quot;: &quot;11&quot;,
&quot;iso8601&quot;: &quot;2025-06-15T09:49:23Z&quot;,
&quot;iso8601_basic&quot;: &quot;20250615T114923887223&quot;,
&quot;iso8601_basic_short&quot;: &quot;20250615T114923&quot;,
&quot;iso8601_micro&quot;: &quot;2025-06-15T09:49:23.887223Z&quot;,
&quot;minute&quot;: &quot;49&quot;,
&quot;month&quot;: &quot;06&quot;,
&quot;second&quot;: &quot;23&quot;,
&quot;time&quot;: &quot;11:49:23&quot;,
&quot;tz&quot;: &quot;CEST&quot;,
&quot;tz_dst&quot;: &quot;CEST&quot;,
&quot;tz_offset&quot;: &quot;+0200&quot;,
&quot;weekday&quot;: &quot;Sunday&quot;,
&quot;weekday_number&quot;: &quot;0&quot;,
&quot;weeknumber&quot;: &quot;23&quot;,
&quot;year&quot;: &quot;2025&quot;
},
&quot;ansible_default_ipv4&quot;: {
&quot;address&quot;: &quot;10.0.0.101&quot;,
&quot;alias&quot;: &quot;enp82s0u2u1u2&quot;,
&quot;broadcast&quot;: &quot;10.0.0.255&quot;,
&quot;gateway&quot;: &quot;10.0.0.1&quot;,
&quot;interface&quot;: &quot;enp82s0u2u1u2&quot;,
&quot;macaddress&quot;: &quot;04:7b:cb:5c:08:43&quot;,
&quot;mtu&quot;: 1500,
&quot;netmask&quot;: &quot;255.255.255.0&quot;,
&quot;network&quot;: &quot;10.0.0.0&quot;,
&quot;prefix&quot;: &quot;24&quot;,
&quot;type&quot;: &quot;ether&quot;
},
&quot;ansible_default_ipv6&quot;: {},
&quot;ansible_device_links&quot;: {
&quot;ids&quot;: {
&quot;dm-0&quot;: [
&quot;dm-name-luks-0926f583-170f-4787-b9cd-3bf6fabddf4f&quot;,
&quot;dm-uuid-CRYPT-LUKS2-0926f583170f4787b9cd3bf6fabddf4f-luks-0926f583-170f-4787-b9cd-3bf6fabddf4f&quot;
],
&quot;nvme0n1&quot;: [
&quot;nvme-SAMSUNG_MZVL2512HCJQ-00BL7_S64KNF0R279672&quot;,
&quot;nvme-SAMSUNG_MZVL2512HCJQ-00BL7_S64KNF0R279672_1&quot;,
&quot;nvme-eui.002538b211b2f4a8&quot;
],
&quot;nvme0n1p1&quot;: [
&quot;nvme-SAMSUNG_MZVL2512HCJQ-00BL7_S64KNF0R279672-part1&quot;,
&quot;nvme-SAMSUNG_MZVL2512HCJQ-00BL7_S64KNF0R279672_1-part1&quot;,
&quot;nvme-eui.002538b211b2f4a8-part1&quot;
],
&quot;nvme0n1p2&quot;: [
&quot;nvme-SAMSUNG_MZVL2512HCJQ-00BL7_S64KNF0R279672-part2&quot;,
&quot;nvme-SAMSUNG_MZVL2512HCJQ-00BL7_S64KNF0R279672_1-part2&quot;,
&quot;nvme-eui.002538b211b2f4a8-part2&quot;
],
&quot;nvme0n1p3&quot;: [
&quot;nvme-SAMSUNG_MZVL2512HCJQ-00BL7_S64KNF0R279672-part3&quot;,
&quot;nvme-SAMSUNG_MZVL2512HCJQ-00BL7_S64KNF0R279672_1-part3&quot;,
&quot;nvme-eui.002538b211b2f4a8-part3&quot;
]
},
&quot;labels&quot;: {
&quot;dm-0&quot;: [
&quot;fedora&quot;
]
},
&quot;masters&quot;: {
&quot;nvme0n1p3&quot;: [
&quot;dm-0&quot;
]
},
&quot;uuids&quot;: {
&quot;dm-0&quot;: [
&quot;af87cae1-5514-4fdb-adad-6142deeca0a0&quot;
],
&quot;nvme0n1p1&quot;: [
&quot;A27C-A8A5&quot;
],
&quot;nvme0n1p2&quot;: [
&quot;9a4fffc4-7549-421c-8826-e2b6fe3a0dce&quot;
],
&quot;nvme0n1p3&quot;: [
&quot;0926f583-170f-4787-b9cd-3bf6fabddf4f&quot;
]
}
},
&quot;ansible_devices&quot;: {
&quot;dm-0&quot;: {
&quot;holders&quot;: [],
&quot;host&quot;: &quot;&quot;,
&quot;links&quot;: {
&quot;ids&quot;: [
&quot;dm-name-luks-0926f583-170f-4787-b9cd-3bf6fabddf4f&quot;,
&quot;dm-uuid-CRYPT-LUKS2-0926f583170f4787b9cd3bf6fabddf4f-luks-0926f583-170f-4787-b9cd-3bf6fabddf4f&quot;
],
&quot;labels&quot;: [
&quot;fedora&quot;
],
&quot;masters&quot;: [],
&quot;uuids&quot;: [
&quot;af87cae1-5514-4fdb-adad-6142deeca0a0&quot;
]
},
&quot;model&quot;: null,
&quot;partitions&quot;: {},
&quot;removable&quot;: &quot;0&quot;,
&quot;rotational&quot;: &quot;0&quot;,
&quot;sas_address&quot;: null,
&quot;sas_device_handle&quot;: null,
&quot;scheduler_mode&quot;: &quot;&quot;,
&quot;sectors&quot;: &quot;996853760&quot;,
&quot;sectorsize&quot;: &quot;512&quot;,
&quot;size&quot;: &quot;475.34 GB&quot;,
&quot;support_discard&quot;: &quot;512&quot;,
&quot;vendor&quot;: null,
&quot;virtual&quot;: 1
},
&quot;nvme0n1&quot;: {
&quot;holders&quot;: [],
&quot;host&quot;: &quot;Non-Volatile memory controller: Samsung Electronics Co Ltd NVMe SSD Controller PM9A1/PM9A3/980PRO&quot;,
&quot;links&quot;: {
&quot;ids&quot;: [
&quot;nvme-SAMSUNG_MZVL2512HCJQ-00BL7_S64KNF0R279672&quot;,
&quot;nvme-SAMSUNG_MZVL2512HCJQ-00BL7_S64KNF0R279672_1&quot;,
&quot;nvme-eui.002538b211b2f4a8&quot;
],
&quot;labels&quot;: [],
&quot;masters&quot;: [],
&quot;uuids&quot;: []
},
&quot;model&quot;: &quot;SAMSUNG MZVL2512HCJQ-00BL7&quot;,
&quot;partitions&quot;: {
&quot;nvme0n1p1&quot;: {
&quot;holders&quot;: [],
&quot;links&quot;: {
&quot;ids&quot;: [
&quot;nvme-SAMSUNG_MZVL2512HCJQ-00BL7_S64KNF0R279672-part1&quot;,
&quot;nvme-SAMSUNG_MZVL2512HCJQ-00BL7_S64KNF0R279672_1-part1&quot;,
&quot;nvme-eui.002538b211b2f4a8-part1&quot;
],
&quot;labels&quot;: [],
&quot;masters&quot;: [],
&quot;uuids&quot;: [
&quot;A27C-A8A5&quot;
]
},
&quot;sectors&quot;: &quot;1228800&quot;,
&quot;sectorsize&quot;: 512,
&quot;size&quot;: &quot;600.00 MB&quot;,
&quot;start&quot;: &quot;2048&quot;,
&quot;uuid&quot;: &quot;A27C-A8A5&quot;
},
&quot;nvme0n1p2&quot;: {
&quot;holders&quot;: [],
&quot;links&quot;: {
&quot;ids&quot;: [
&quot;nvme-SAMSUNG_MZVL2512HCJQ-00BL7_S64KNF0R279672-part2&quot;,
&quot;nvme-SAMSUNG_MZVL2512HCJQ-00BL7_S64KNF0R279672_1-part2&quot;,
&quot;nvme-eui.002538b211b2f4a8-part2&quot;
],
&quot;labels&quot;: [],
&quot;masters&quot;: [],
&quot;uuids&quot;: [
&quot;9a4fffc4-7549-421c-8826-e2b6fe3a0dce&quot;
]
},
&quot;sectors&quot;: &quot;2097152&quot;,
&quot;sectorsize&quot;: 512,
&quot;size&quot;: &quot;1.00 GB&quot;,
&quot;start&quot;: &quot;1230848&quot;,
&quot;uuid&quot;: &quot;9a4fffc4-7549-421c-8826-e2b6fe3a0dce&quot;
},
&quot;nvme0n1p3&quot;: {
&quot;holders&quot;: [
&quot;luks-0926f583-170f-4787-b9cd-3bf6fabddf4f&quot;
],
&quot;links&quot;: {
&quot;ids&quot;: [
&quot;nvme-SAMSUNG_MZVL2512HCJQ-00BL7_S64KNF0R279672-part3&quot;,
&quot;nvme-SAMSUNG_MZVL2512HCJQ-00BL7_S64KNF0R279672_1-part3&quot;,
&quot;nvme-eui.002538b211b2f4a8-part3&quot;
],
&quot;labels&quot;: [],
&quot;masters&quot;: [
&quot;dm-0&quot;
],
&quot;uuids&quot;: [
&quot;0926f583-170f-4787-b9cd-3bf6fabddf4f&quot;
]
},
&quot;sectors&quot;: &quot;996886528&quot;,
&quot;sectorsize&quot;: 512,
&quot;size&quot;: &quot;475.35 GB&quot;,
&quot;start&quot;: &quot;3328000&quot;,
&quot;uuid&quot;: &quot;0926f583-170f-4787-b9cd-3bf6fabddf4f&quot;
}
},
&quot;removable&quot;: &quot;0&quot;,
&quot;rotational&quot;: &quot;0&quot;,
&quot;sas_address&quot;: null,
&quot;sas_device_handle&quot;: null,
&quot;scheduler_mode&quot;: &quot;none&quot;,
&quot;sectors&quot;: &quot;1000215216&quot;,
&quot;sectorsize&quot;: &quot;512&quot;,
&quot;serial&quot;: &quot;S64KNF0R279672&quot;,
&quot;size&quot;: &quot;476.94 GB&quot;,
&quot;support_discard&quot;: &quot;512&quot;,
&quot;vendor&quot;: null,
&quot;virtual&quot;: 1
},
&quot;zram0&quot;: {
&quot;holders&quot;: [],
&quot;host&quot;: &quot;&quot;,
&quot;links&quot;: {
&quot;ids&quot;: [],
&quot;labels&quot;: [],
&quot;masters&quot;: [],
&quot;uuids&quot;: []
},
&quot;model&quot;: null,
&quot;partitions&quot;: {},
&quot;removable&quot;: &quot;0&quot;,
&quot;rotational&quot;: &quot;0&quot;,
&quot;sas_address&quot;: null,
&quot;sas_device_handle&quot;: null,
&quot;scheduler_mode&quot;: &quot;&quot;,
&quot;sectors&quot;: &quot;16777216&quot;,
&quot;sectorsize&quot;: &quot;4096&quot;,
&quot;size&quot;: &quot;8.00 GB&quot;,
&quot;support_discard&quot;: &quot;4096&quot;,
&quot;vendor&quot;: null,
&quot;virtual&quot;: 1
}
},
&quot;ansible_distribution&quot;: &quot;Fedora&quot;,
&quot;ansible_distribution_file_parsed&quot;: true,
&quot;ansible_distribution_file_path&quot;: &quot;/etc/redhat-release&quot;,
&quot;ansible_distribution_file_variety&quot;: &quot;RedHat&quot;,
&quot;ansible_distribution_major_version&quot;: &quot;40&quot;,
&quot;ansible_distribution_release&quot;: &quot;&quot;,
&quot;ansible_distribution_version&quot;: &quot;40&quot;,
&quot;ansible_dns&quot;: {
&quot;nameservers&quot;: [
&quot;127.0.0.53&quot;
],
&quot;options&quot;: {
&quot;edns0&quot;: true,
&quot;trust-ad&quot;: true
},
&quot;search&quot;: [
&quot;quickmotion.local&quot;
]
},
&quot;ansible_domain&quot;: &quot;&quot;,
&quot;ansible_effective_group_id&quot;: 1000,
&quot;ansible_effective_user_id&quot;: 1000,
&quot;ansible_enp0s31f6&quot;: {
&quot;active&quot;: false,
&quot;device&quot;: &quot;enp0s31f6&quot;,
&quot;features&quot;: {
&quot;esp_hw_offload&quot;: &quot;off [fixed]&quot;,
&quot;esp_tx_csum_hw_offload&quot;: &quot;off [fixed]&quot;,
&quot;generic_receive_offload&quot;: &quot;on&quot;,
&quot;generic_segmentation_offload&quot;: &quot;on&quot;,
&quot;highdma&quot;: &quot;on [fixed]&quot;,
&quot;hsr_dup_offload&quot;: &quot;off [fixed]&quot;,
&quot;hsr_fwd_offload&quot;: &quot;off [fixed]&quot;,
&quot;hsr_tag_ins_offload&quot;: &quot;off [fixed]&quot;,
&quot;hsr_tag_rm_offload&quot;: &quot;off [fixed]&quot;,
&quot;hw_tc_offload&quot;: &quot;off [fixed]&quot;,
&quot;l2_fwd_offload&quot;: &quot;off [fixed]&quot;,
&quot;large_receive_offload&quot;: &quot;off [fixed]&quot;,
&quot;loopback&quot;: &quot;off [fixed]&quot;,
&quot;macsec_hw_offload&quot;: &quot;off [fixed]&quot;,
&quot;ntuple_filters&quot;: &quot;off [fixed]&quot;,
&quot;receive_hashing&quot;: &quot;on&quot;,
&quot;rx_all&quot;: &quot;off&quot;,
&quot;rx_checksumming&quot;: &quot;on&quot;,
&quot;rx_fcs&quot;: &quot;off&quot;,
&quot;rx_gro_hw&quot;: &quot;off [fixed]&quot;,
&quot;rx_gro_list&quot;: &quot;off&quot;,
&quot;rx_udp_gro_forwarding&quot;: &quot;off&quot;,
&quot;rx_udp_tunnel_port_offload&quot;: &quot;off [fixed]&quot;,
&quot;rx_vlan_filter&quot;: &quot;off [fixed]&quot;,
&quot;rx_vlan_offload&quot;: &quot;on&quot;,
&quot;rx_vlan_stag_filter&quot;: &quot;off [fixed]&quot;,
&quot;rx_vlan_stag_hw_parse&quot;: &quot;off [fixed]&quot;,
&quot;scatter_gather&quot;: &quot;on&quot;,
&quot;tcp_segmentation_offload&quot;: &quot;on&quot;,
&quot;tls_hw_record&quot;: &quot;off [fixed]&quot;,
&quot;tls_hw_rx_offload&quot;: &quot;off [fixed]&quot;,
&quot;tls_hw_tx_offload&quot;: &quot;off [fixed]&quot;,
&quot;tx_checksum_fcoe_crc&quot;: &quot;off [fixed]&quot;,
&quot;tx_checksum_ip_generic&quot;: &quot;on&quot;,
&quot;tx_checksum_ipv4&quot;: &quot;off [fixed]&quot;,
&quot;tx_checksum_ipv6&quot;: &quot;off [fixed]&quot;,
&quot;tx_checksum_sctp&quot;: &quot;off [fixed]&quot;,
&quot;tx_checksumming&quot;: &quot;on&quot;,
&quot;tx_esp_segmentation&quot;: &quot;off [fixed]&quot;,
&quot;tx_fcoe_segmentation&quot;: &quot;off [fixed]&quot;,
&quot;tx_gre_csum_segmentation&quot;: &quot;off [fixed]&quot;,
&quot;tx_gre_segmentation&quot;: &quot;off [fixed]&quot;,
&quot;tx_gso_list&quot;: &quot;off [fixed]&quot;,
&quot;tx_gso_partial&quot;: &quot;off [fixed]&quot;,
&quot;tx_gso_robust&quot;: &quot;off [fixed]&quot;,
&quot;tx_ipxip4_segmentation&quot;: &quot;off [fixed]&quot;,
&quot;tx_ipxip6_segmentation&quot;: &quot;off [fixed]&quot;,
&quot;tx_nocache_copy&quot;: &quot;off&quot;,
&quot;tx_scatter_gather&quot;: &quot;on&quot;,
&quot;tx_scatter_gather_fraglist&quot;: &quot;off [fixed]&quot;,
&quot;tx_sctp_segmentation&quot;: &quot;off [fixed]&quot;,
&quot;tx_tcp6_segmentation&quot;: &quot;on&quot;,
&quot;tx_tcp_ecn_segmentation&quot;: &quot;off [fixed]&quot;,
&quot;tx_tcp_mangleid_segmentation&quot;: &quot;off&quot;,
&quot;tx_tcp_segmentation&quot;: &quot;on&quot;,
&quot;tx_tunnel_remcsum_segmentation&quot;: &quot;off [fixed]&quot;,
&quot;tx_udp_segmentation&quot;: &quot;off [fixed]&quot;,
&quot;tx_udp_tnl_csum_segmentation&quot;: &quot;off [fixed]&quot;,
&quot;tx_udp_tnl_segmentation&quot;: &quot;off [fixed]&quot;,
&quot;tx_vlan_offload&quot;: &quot;on&quot;,
&quot;tx_vlan_stag_hw_insert&quot;: &quot;off [fixed]&quot;,
&quot;vlan_challenged&quot;: &quot;off [fixed]&quot;
},
&quot;hw_timestamp_filters&quot;: [],
&quot;macaddress&quot;: &quot;84:a9:38:1e:d2:17&quot;,
&quot;module&quot;: &quot;e1000e&quot;,
&quot;mtu&quot;: 1500,
&quot;pciid&quot;: &quot;0000:00:1f.6&quot;,
&quot;promisc&quot;: false,
&quot;speed&quot;: -1,
&quot;timestamping&quot;: [],
&quot;type&quot;: &quot;ether&quot;
},
&quot;ansible_enp82s0u2u1u2&quot;: {
&quot;active&quot;: true,
&quot;device&quot;: &quot;enp82s0u2u1u2&quot;,
&quot;features&quot;: {
&quot;esp_hw_offload&quot;: &quot;off [fixed]&quot;,
&quot;esp_tx_csum_hw_offload&quot;: &quot;off [fixed]&quot;,
&quot;generic_receive_offload&quot;: &quot;on&quot;,
&quot;generic_segmentation_offload&quot;: &quot;on&quot;,
&quot;highdma&quot;: &quot;off [fixed]&quot;,
&quot;hsr_dup_offload&quot;: &quot;off [fixed]&quot;,
&quot;hsr_fwd_offload&quot;: &quot;off [fixed]&quot;,
&quot;hsr_tag_ins_offload&quot;: &quot;off [fixed]&quot;,
&quot;hsr_tag_rm_offload&quot;: &quot;off [fixed]&quot;,
&quot;hw_tc_offload&quot;: &quot;off [fixed]&quot;,
&quot;l2_fwd_offload&quot;: &quot;off [fixed]&quot;,
&quot;large_receive_offload&quot;: &quot;off [fixed]&quot;,
&quot;loopback&quot;: &quot;off [fixed]&quot;,
&quot;macsec_hw_offload&quot;: &quot;off [fixed]&quot;,
&quot;ntuple_filters&quot;: &quot;off [fixed]&quot;,
&quot;receive_hashing&quot;: &quot;off [fixed]&quot;,
&quot;rx_all&quot;: &quot;off [fixed]&quot;,
&quot;rx_checksumming&quot;: &quot;on&quot;,
&quot;rx_fcs&quot;: &quot;off [fixed]&quot;,
&quot;rx_gro_hw&quot;: &quot;off [fixed]&quot;,
&quot;rx_gro_list&quot;: &quot;off&quot;,
&quot;rx_udp_gro_forwarding&quot;: &quot;off&quot;,
&quot;rx_udp_tunnel_port_offload&quot;: &quot;off [fixed]&quot;,
&quot;rx_vlan_filter&quot;: &quot;off [fixed]&quot;,
&quot;rx_vlan_offload&quot;: &quot;on&quot;,
&quot;rx_vlan_stag_filter&quot;: &quot;off [fixed]&quot;,
&quot;rx_vlan_stag_hw_parse&quot;: &quot;off [fixed]&quot;,
&quot;scatter_gather&quot;: &quot;on&quot;,
&quot;tcp_segmentation_offload&quot;: &quot;on&quot;,
&quot;tls_hw_record&quot;: &quot;off [fixed]&quot;,
&quot;tls_hw_rx_offload&quot;: &quot;off [fixed]&quot;,
&quot;tls_hw_tx_offload&quot;: &quot;off [fixed]&quot;,
&quot;tx_checksum_fcoe_crc&quot;: &quot;off [fixed]&quot;,
&quot;tx_checksum_ip_generic&quot;: &quot;off [fixed]&quot;,
&quot;tx_checksum_ipv4&quot;: &quot;on&quot;,
&quot;tx_checksum_ipv6&quot;: &quot;on&quot;,
&quot;tx_checksum_sctp&quot;: &quot;off [fixed]&quot;,
&quot;tx_checksumming&quot;: &quot;on&quot;,
&quot;tx_esp_segmentation&quot;: &quot;off [fixed]&quot;,
&quot;tx_fcoe_segmentation&quot;: &quot;off [fixed]&quot;,
&quot;tx_gre_csum_segmentation&quot;: &quot;off [fixed]&quot;,
&quot;tx_gre_segmentation&quot;: &quot;off [fixed]&quot;,
&quot;tx_gso_list&quot;: &quot;off [fixed]&quot;,
&quot;tx_gso_partial&quot;: &quot;off [fixed]&quot;,
&quot;tx_gso_robust&quot;: &quot;off [fixed]&quot;,
&quot;tx_ipxip4_segmentation&quot;: &quot;off [fixed]&quot;,
&quot;tx_ipxip6_segmentation&quot;: &quot;off [fixed]&quot;,
&quot;tx_nocache_copy&quot;: &quot;off&quot;,
&quot;tx_scatter_gather&quot;: &quot;on&quot;,
&quot;tx_scatter_gather_fraglist&quot;: &quot;on&quot;,
&quot;tx_sctp_segmentation&quot;: &quot;off [fixed]&quot;,
&quot;tx_tcp6_segmentation&quot;: &quot;on&quot;,
&quot;tx_tcp_ecn_segmentation&quot;: &quot;off [fixed]&quot;,
&quot;tx_tcp_mangleid_segmentation&quot;: &quot;off&quot;,
&quot;tx_tcp_segmentation&quot;: &quot;on&quot;,
&quot;tx_tunnel_remcsum_segmentation&quot;: &quot;off [fixed]&quot;,
&quot;tx_udp_segmentation&quot;: &quot;off [fixed]&quot;,
&quot;tx_udp_tnl_csum_segmentation&quot;: &quot;off [fixed]&quot;,
&quot;tx_udp_tnl_segmentation&quot;: &quot;off [fixed]&quot;,
&quot;tx_vlan_offload&quot;: &quot;on&quot;,
&quot;tx_vlan_stag_hw_insert&quot;: &quot;off [fixed]&quot;,
&quot;vlan_challenged&quot;: &quot;off [fixed]&quot;
},
&quot;hw_timestamp_filters&quot;: [],
&quot;ipv4&quot;: {
&quot;address&quot;: &quot;10.0.0.101&quot;,
&quot;broadcast&quot;: &quot;10.0.0.255&quot;,
&quot;netmask&quot;: &quot;255.255.255.0&quot;,
&quot;network&quot;: &quot;10.0.0.0&quot;,
&quot;prefix&quot;: &quot;24&quot;
},
&quot;ipv6&quot;: [
{
&quot;address&quot;: &quot;fe80::ae60:f5d6:185e:57cc&quot;,
&quot;prefix&quot;: &quot;64&quot;,
&quot;scope&quot;: &quot;link&quot;
}
],
&quot;macaddress&quot;: &quot;04:7b:cb:5c:08:43&quot;,
&quot;module&quot;: &quot;r8152&quot;,
&quot;mtu&quot;: 1500,
&quot;pciid&quot;: &quot;6-2.1.2:1.0&quot;,
&quot;promisc&quot;: false,
&quot;speed&quot;: 1000,
&quot;timestamping&quot;: [],
&quot;type&quot;: &quot;ether&quot;
},
&quot;ansible_env&quot;: {
&quot;ANSIBLE_CALLBACKS_ENABLED&quot;: &quot;junit&quot;,
&quot;ANSIBLE_COLLECTIONS_PATH&quot;: &quot;/home/rafsanch/Documents/repos/ansible-devspaces-demo/collections&quot;,
&quot;ANSIBLE_CONFIG&quot;: &quot;/home/rafsanch/Documents/repos/ansible-devspaces-demo/collections/ansible_collections/sample_namespace/sample_collection/tests/output/.tmp/integration/hello_module-vu72z09x-ÅÑŚÌβŁÈ/tests/integration/integration.cfg&quot;,
&quot;ANSIBLE_DEPRECATION_WARNINGS&quot;: &quot;false&quot;,
&quot;ANSIBLE_DEVEL_WARNING&quot;: &quot;false&quot;,
&quot;ANSIBLE_FORCE_COLOR&quot;: &quot;true&quot;,
&quot;ANSIBLE_FORCE_HANDLERS&quot;: &quot;true&quot;,
&quot;ANSIBLE_HOST_KEY_CHECKING&quot;: &quot;false&quot;,
&quot;ANSIBLE_HOST_PATTERN_MISMATCH&quot;: &quot;error&quot;,
&quot;ANSIBLE_INVENTORY&quot;: &quot;/dev/null&quot;,
&quot;ANSIBLE_LIBRARY&quot;: &quot;/dev/null&quot;,
&quot;ANSIBLE_PLAYBOOK_DIR&quot;: &quot;/home/rafsanch/Documents/repos/ansible-devspaces-demo/collections/ansible_collections/sample_namespace/sample_collection/tests/output/.tmp/integration/hello_module-vu72z09x-ÅÑŚÌβŁÈ/tests/integration&quot;,
&quot;ANSIBLE_PYTHON_INTERPRETER&quot;: &quot;/set/ansible_python_interpreter/in/inventory&quot;,
&quot;ANSIBLE_PYTHON_MODULE_RLIMIT_NOFILE&quot;: &quot;1024&quot;,
&quot;ANSIBLE_RETRY_FILES_ENABLED&quot;: &quot;false&quot;,
&quot;ANSIBLE_ROLES_PATH&quot;: &quot;/home/rafsanch/Documents/repos/ansible-devspaces-demo/collections/ansible_collections/sample_namespace/sample_collection/tests/output/.tmp/integration/hello_module-vu72z09x-ÅÑŚÌβŁÈ/tests/integration/targets&quot;,
&quot;ANSIBLE_TEST_CI&quot;: &quot;&quot;,
&quot;ANSIBLE_TEST_COVERAGE&quot;: &quot;&quot;,
&quot;ANSIBLE_TEST_PYTHON_INTERPRETER&quot;: &quot;/usr/bin/python3&quot;,
&quot;ANSIBLE_TEST_PYTHON_VERSION&quot;: &quot;3.12&quot;,
&quot;ANSIBLE_WORKER_SHUTDOWN_POLL_COUNT&quot;: &quot;100&quot;,
&quot;ANSIBLE_WORKER_SHUTDOWN_POLL_DELAY&quot;: &quot;0.1&quot;,
&quot;HOME&quot;: &quot;/home/rafsanch&quot;,
&quot;INVENTORY_PATH&quot;: &quot;/home/rafsanch/Documents/repos/ansible-devspaces-demo/collections/ansible_collections/sample_namespace/sample_collection/tests/output/.tmp/integration/hello_module-vu72z09x-ÅÑŚÌβŁÈ/tests/integration/inventory&quot;,
&quot;JUNIT_OUTPUT_DIR&quot;: &quot;/home/rafsanch/Documents/repos/ansible-devspaces-demo/collections/ansible_collections/sample_namespace/sample_collection/tests/output/junit&quot;,
&quot;JUNIT_REPLACE_OUT_OF_TREE_PATH&quot;: &quot;out-of-tree:&quot;,
&quot;JUNIT_TASK_RELATIVE_PATH&quot;: &quot;/home/rafsanch/Documents/repos/ansible-devspaces-demo/collections/ansible_collections/sample_namespace/sample_collection/tests/output/.tmp/integration/hello_module-vu72z09x-ÅÑŚÌβŁÈ&quot;,
&quot;LC_ALL&quot;: &quot;en_US.UTF-8&quot;,
&quot;OUTPUT_DIR&quot;: &quot;/home/rafsanch/Documents/repos/ansible-devspaces-demo/collections/ansible_collections/sample_namespace/sample_collection/tests/output/.tmp/output_dir&quot;,
&quot;PAGER&quot;: &quot;/bin/cat&quot;,
&quot;PATH&quot;: &quot;/tmp/ansible-test-ccd05kdx-injector:/tmp/python-d4q05_a_-ansible:/tmp/ansible-test-y9lcuhs0-bin:/home/rafsanch/.local/bin:/home/rafsanch/bin:/home/rafsanch/.local/bin:/usr/local/bin:/usr/bin:/usr/local/sbin:/usr/sbin&quot;,
&quot;PWD&quot;: &quot;/home/rafsanch/Documents/repos/ansible-devspaces-demo/collections/ansible_collections/sample_namespace/sample_collection/tests/output/.tmp/integration/hello_module-vu72z09x-ÅÑŚÌβŁÈ/tests/integration&quot;,
&quot;PYTHONPATH&quot;: &quot;/tmp/ansible-test-bgjd28l4&quot;,
&quot;SHLVL&quot;: &quot;1&quot;,
&quot;SSH_AUTH_SOCK&quot;: &quot;/tmp/ssh-XXXXXXT3jfxG/agent.1914&quot;,
&quot;_&quot;: &quot;/usr/bin/python3&quot;
},
&quot;ansible_fibre_channel_wwn&quot;: [],
&quot;ansible_fips&quot;: false,
&quot;ansible_form_factor&quot;: &quot;Notebook&quot;,
&quot;ansible_fqdn&quot;: &quot;rafa-thinkpad-dockstation&quot;,
&quot;ansible_hostname&quot;: &quot;rafa-thinkpad-dockstation&quot;,
&quot;ansible_hostnqn&quot;: &quot;nqn.2014-08.org.nvmexpress:uuid:ea49a0cc-28f0-11b2-a85c-a0609839d830&quot;,
&quot;ansible_interfaces&quot;: [
&quot;enp82s0u2u1u2&quot;,
&quot;virbr0&quot;,
&quot;wlp0s20f3&quot;,
&quot;aap-connect24&quot;,
&quot;enp0s31f6&quot;,
&quot;lo&quot;
],
&quot;ansible_is_chroot&quot;: false,
&quot;ansible_iscsi_iqn&quot;: &quot;&quot;,
&quot;ansible_kernel&quot;: &quot;6.14.5-100.fc40.x86_64&quot;,
&quot;ansible_kernel_version&quot;: &quot;#1 SMP PREEMPT_DYNAMIC Fri May  2 14:22:13 UTC 2025&quot;,
&quot;ansible_lo&quot;: {
&quot;active&quot;: true,
&quot;device&quot;: &quot;lo&quot;,
&quot;features&quot;: {
&quot;esp_hw_offload&quot;: &quot;off [fixed]&quot;,
&quot;esp_tx_csum_hw_offload&quot;: &quot;off [fixed]&quot;,
&quot;generic_receive_offload&quot;: &quot;on&quot;,
&quot;generic_segmentation_offload&quot;: &quot;on&quot;,
&quot;highdma&quot;: &quot;on [fixed]&quot;,
&quot;hsr_dup_offload&quot;: &quot;off [fixed]&quot;,
&quot;hsr_fwd_offload&quot;: &quot;off [fixed]&quot;,
&quot;hsr_tag_ins_offload&quot;: &quot;off [fixed]&quot;,
&quot;hsr_tag_rm_offload&quot;: &quot;off [fixed]&quot;,
&quot;hw_tc_offload&quot;: &quot;off [fixed]&quot;,
&quot;l2_fwd_offload&quot;: &quot;off [fixed]&quot;,
&quot;large_receive_offload&quot;: &quot;off [fixed]&quot;,
&quot;loopback&quot;: &quot;on [fixed]&quot;,
&quot;macsec_hw_offload&quot;: &quot;off [fixed]&quot;,
&quot;ntuple_filters&quot;: &quot;off [fixed]&quot;,
&quot;receive_hashing&quot;: &quot;off [fixed]&quot;,
&quot;rx_all&quot;: &quot;off [fixed]&quot;,
&quot;rx_checksumming&quot;: &quot;on [fixed]&quot;,
&quot;rx_fcs&quot;: &quot;off [fixed]&quot;,
&quot;rx_gro_hw&quot;: &quot;off [fixed]&quot;,
&quot;rx_gro_list&quot;: &quot;off&quot;,
&quot;rx_udp_gro_forwarding&quot;: &quot;off&quot;,
&quot;rx_udp_tunnel_port_offload&quot;: &quot;off [fixed]&quot;,
&quot;rx_vlan_filter&quot;: &quot;off [fixed]&quot;,
&quot;rx_vlan_offload&quot;: &quot;off [fixed]&quot;,
&quot;rx_vlan_stag_filter&quot;: &quot;off [fixed]&quot;,
&quot;rx_vlan_stag_hw_parse&quot;: &quot;off [fixed]&quot;,
&quot;scatter_gather&quot;: &quot;on&quot;,
&quot;tcp_segmentation_offload&quot;: &quot;on&quot;,
&quot;tls_hw_record&quot;: &quot;off [fixed]&quot;,
&quot;tls_hw_rx_offload&quot;: &quot;off [fixed]&quot;,
&quot;tls_hw_tx_offload&quot;: &quot;off [fixed]&quot;,
&quot;tx_checksum_fcoe_crc&quot;: &quot;off [fixed]&quot;,
&quot;tx_checksum_ip_generic&quot;: &quot;on [fixed]&quot;,
&quot;tx_checksum_ipv4&quot;: &quot;off [fixed]&quot;,
&quot;tx_checksum_ipv6&quot;: &quot;off [fixed]&quot;,
&quot;tx_checksum_sctp&quot;: &quot;on [fixed]&quot;,
&quot;tx_checksumming&quot;: &quot;on&quot;,
&quot;tx_esp_segmentation&quot;: &quot;off [fixed]&quot;,
&quot;tx_fcoe_segmentation&quot;: &quot;off [fixed]&quot;,
&quot;tx_gre_csum_segmentation&quot;: &quot;off [fixed]&quot;,
&quot;tx_gre_segmentation&quot;: &quot;off [fixed]&quot;,
&quot;tx_gso_list&quot;: &quot;on&quot;,
&quot;tx_gso_partial&quot;: &quot;off [fixed]&quot;,
&quot;tx_gso_robust&quot;: &quot;off [fixed]&quot;,
&quot;tx_ipxip4_segmentation&quot;: &quot;off [fixed]&quot;,
&quot;tx_ipxip6_segmentation&quot;: &quot;off [fixed]&quot;,
&quot;tx_nocache_copy&quot;: &quot;off [fixed]&quot;,
&quot;tx_scatter_gather&quot;: &quot;on [fixed]&quot;,
&quot;tx_scatter_gather_fraglist&quot;: &quot;on [fixed]&quot;,
&quot;tx_sctp_segmentation&quot;: &quot;on&quot;,
&quot;tx_tcp6_segmentation&quot;: &quot;on&quot;,
&quot;tx_tcp_ecn_segmentation&quot;: &quot;on&quot;,
&quot;tx_tcp_mangleid_segmentation&quot;: &quot;on&quot;,
&quot;tx_tcp_segmentation&quot;: &quot;on&quot;,
&quot;tx_tunnel_remcsum_segmentation&quot;: &quot;off [fixed]&quot;,
&quot;tx_udp_segmentation&quot;: &quot;on&quot;,
&quot;tx_udp_tnl_csum_segmentation&quot;: &quot;off [fixed]&quot;,
&quot;tx_udp_tnl_segmentation&quot;: &quot;off [fixed]&quot;,
&quot;tx_vlan_offload&quot;: &quot;off [fixed]&quot;,
&quot;tx_vlan_stag_hw_insert&quot;: &quot;off [fixed]&quot;,
&quot;vlan_challenged&quot;: &quot;on [fixed]&quot;
},
&quot;hw_timestamp_filters&quot;: [],
&quot;ipv4&quot;: {
&quot;address&quot;: &quot;127.0.0.1&quot;,
&quot;broadcast&quot;: &quot;&quot;,
&quot;netmask&quot;: &quot;255.0.0.0&quot;,
&quot;network&quot;: &quot;127.0.0.0&quot;,
&quot;prefix&quot;: &quot;8&quot;
},
&quot;ipv6&quot;: [
{
&quot;address&quot;: &quot;::1&quot;,
&quot;prefix&quot;: &quot;128&quot;,
&quot;scope&quot;: &quot;host&quot;
}
],
&quot;mtu&quot;: 65536,
&quot;promisc&quot;: false,
&quot;timestamping&quot;: [],
&quot;type&quot;: &quot;loopback&quot;
},
&quot;ansible_loadavg&quot;: {
&quot;15m&quot;: 0.6337890625,
&quot;1m&quot;: 0.24365234375,
&quot;5m&quot;: 0.5068359375
},
&quot;ansible_local&quot;: {},
&quot;ansible_locally_reachable_ips&quot;: {
&quot;ipv4&quot;: [
&quot;10.0.0.101&quot;,
&quot;10.10.10.1&quot;,
&quot;127.0.0.0/8&quot;,
&quot;127.0.0.1&quot;,
&quot;192.168.122.1&quot;
],
&quot;ipv6&quot;: [
&quot;::1&quot;,
&quot;fe80::ae60:f5d6:185e:57cc&quot;
]
},
&quot;ansible_lsb&quot;: {},
&quot;ansible_lvm&quot;: &quot;N/A&quot;,
&quot;ansible_machine&quot;: &quot;x86_64&quot;,
&quot;ansible_machine_id&quot;: &quot;46a350acb9234ea0af228264ee294ccd&quot;,
&quot;ansible_memfree_mb&quot;: 2127,
&quot;ansible_memory_mb&quot;: {
&quot;nocache&quot;: {
&quot;free&quot;: 21630,
&quot;used&quot;: 10158
},
&quot;real&quot;: {
&quot;free&quot;: 2127,
&quot;total&quot;: 31788,
&quot;used&quot;: 29661
},
&quot;swap&quot;: {
&quot;cached&quot;: 0,
&quot;free&quot;: 8191,
&quot;total&quot;: 8191,
&quot;used&quot;: 0
}
},
&quot;ansible_memtotal_mb&quot;: 31788,
&quot;ansible_mounts&quot;: [
{
&quot;block_available&quot;: 34731221,
&quot;block_size&quot;: 4096,
&quot;block_total&quot;: 124606720,
&quot;block_used&quot;: 89875499,
&quot;device&quot;: &quot;/dev/mapper/luks-0926f583-170f-4787-b9cd-3bf6fabddf4f&quot;,
&quot;fstype&quot;: &quot;btrfs&quot;,
&quot;inode_available&quot;: 0,
&quot;inode_total&quot;: 0,
&quot;inode_used&quot;: 0,
&quot;mount&quot;: &quot;/&quot;,
&quot;options&quot;: &quot;rw,seclabel,relatime,compress=zstd:1,ssd,discard=async,space_cache=v2,subvolid=257,subvol=/root,bind&quot;,
&quot;size_available&quot;: 142259081216,
&quot;size_total&quot;: 510389125120,
&quot;uuid&quot;: &quot;af87cae1-5514-4fdb-adad-6142deeca0a0&quot;
},
{
&quot;block_available&quot;: 34731221,
&quot;block_size&quot;: 4096,
&quot;block_total&quot;: 124606720,
&quot;block_used&quot;: 89875499,
&quot;device&quot;: &quot;/dev/mapper/luks-0926f583-170f-4787-b9cd-3bf6fabddf4f&quot;,
&quot;fstype&quot;: &quot;btrfs&quot;,
&quot;inode_available&quot;: 0,
&quot;inode_total&quot;: 0,
&quot;inode_used&quot;: 0,
&quot;mount&quot;: &quot;/home&quot;,
&quot;options&quot;: &quot;rw,seclabel,relatime,compress=zstd:1,ssd,discard=async,space_cache=v2,subvolid=256,subvol=/home,bind&quot;,
&quot;size_available&quot;: 142259081216,
&quot;size_total&quot;: 510389125120,
&quot;uuid&quot;: &quot;af87cae1-5514-4fdb-adad-6142deeca0a0&quot;
},
{
&quot;block_available&quot;: 135899,
&quot;block_size&quot;: 4096,
&quot;block_total&quot;: 249195,
&quot;block_used&quot;: 113296,
&quot;device&quot;: &quot;/dev/nvme0n1p2&quot;,
&quot;fstype&quot;: &quot;ext4&quot;,
&quot;inode_available&quot;: 65430,
&quot;inode_total&quot;: 65536,
&quot;inode_used&quot;: 106,
&quot;mount&quot;: &quot;/boot&quot;,
&quot;options&quot;: &quot;rw,seclabel,relatime&quot;,
&quot;size_available&quot;: 556642304,
&quot;size_total&quot;: 1020702720,
&quot;uuid&quot;: &quot;9a4fffc4-7549-421c-8826-e2b6fe3a0dce&quot;
},
{
&quot;block_available&quot;: 148337,
&quot;block_size&quot;: 4096,
&quot;block_total&quot;: 153296,
&quot;block_used&quot;: 4959,
&quot;device&quot;: &quot;/dev/nvme0n1p1&quot;,
&quot;fstype&quot;: &quot;vfat&quot;,
&quot;inode_available&quot;: 0,
&quot;inode_total&quot;: 0,
&quot;inode_used&quot;: 0,
&quot;mount&quot;: &quot;/boot/efi&quot;,
&quot;options&quot;: &quot;rw,relatime,fmask=0077,dmask=0077,codepage=437,iocharset=ascii,shortname=winnt,errors=remount-ro&quot;,
&quot;size_available&quot;: 607588352,
&quot;size_total&quot;: 627900416,
&quot;uuid&quot;: &quot;A27C-A8A5&quot;
}
],
&quot;ansible_nodename&quot;: &quot;rafa-thinkpad-dockstation&quot;,
&quot;ansible_os_family&quot;: &quot;RedHat&quot;,
&quot;ansible_pkg_mgr&quot;: &quot;dnf&quot;,
&quot;ansible_proc_cmdline&quot;: {
&quot;BOOT_IMAGE&quot;: &quot;(hd0,gpt2)/vmlinuz-6.14.5-100.fc40.x86_64&quot;,
&quot;quiet&quot;: true,
&quot;rd.luks.uuid&quot;: &quot;luks-0926f583-170f-4787-b9cd-3bf6fabddf4f&quot;,
&quot;rhgb&quot;: true,
&quot;ro&quot;: true,
&quot;root&quot;: &quot;UUID=af87cae1-5514-4fdb-adad-6142deeca0a0&quot;,
&quot;rootflags&quot;: &quot;subvol=root&quot;
},
&quot;ansible_processor&quot;: [
&quot;0&quot;,
&quot;GenuineIntel&quot;,
&quot;11th Gen Intel(R) Core(TM) i7-1185G7 @ 3.00GHz&quot;,
&quot;1&quot;,
&quot;GenuineIntel&quot;,
&quot;11th Gen Intel(R) Core(TM) i7-1185G7 @ 3.00GHz&quot;,
&quot;2&quot;,
&quot;GenuineIntel&quot;,
&quot;11th Gen Intel(R) Core(TM) i7-1185G7 @ 3.00GHz&quot;,
&quot;3&quot;,
&quot;GenuineIntel&quot;,
&quot;11th Gen Intel(R) Core(TM) i7-1185G7 @ 3.00GHz&quot;,
&quot;4&quot;,
&quot;GenuineIntel&quot;,
&quot;11th Gen Intel(R) Core(TM) i7-1185G7 @ 3.00GHz&quot;,
&quot;5&quot;,
&quot;GenuineIntel&quot;,
&quot;11th Gen Intel(R) Core(TM) i7-1185G7 @ 3.00GHz&quot;,
&quot;6&quot;,
&quot;GenuineIntel&quot;,
&quot;11th Gen Intel(R) Core(TM) i7-1185G7 @ 3.00GHz&quot;,
&quot;7&quot;,
&quot;GenuineIntel&quot;,
&quot;11th Gen Intel(R) Core(TM) i7-1185G7 @ 3.00GHz&quot;
],
&quot;ansible_processor_cores&quot;: 4,
&quot;ansible_processor_count&quot;: 1,
&quot;ansible_processor_nproc&quot;: 8,
&quot;ansible_processor_threads_per_core&quot;: 2,
&quot;ansible_processor_vcpus&quot;: 8,
&quot;ansible_product_name&quot;: &quot;20WNS1F83H&quot;,
&quot;ansible_product_serial&quot;: &quot;NA&quot;,
&quot;ansible_product_uuid&quot;: &quot;NA&quot;,
&quot;ansible_product_version&quot;: &quot;ThinkPad T14s Gen 2i&quot;,
&quot;ansible_python&quot;: {
&quot;executable&quot;: &quot;/usr/bin/python3&quot;,
&quot;has_sslcontext&quot;: true,
&quot;type&quot;: &quot;cpython&quot;,
&quot;version&quot;: {
&quot;major&quot;: 3,
&quot;micro&quot;: 10,
&quot;minor&quot;: 12,
&quot;releaselevel&quot;: &quot;final&quot;,
&quot;serial&quot;: 0
},
&quot;version_info&quot;: [
3,
12,
10,
&quot;final&quot;,
0
]
},
&quot;ansible_python_version&quot;: &quot;3.12.10&quot;,
&quot;ansible_real_group_id&quot;: 1000,
&quot;ansible_real_user_id&quot;: 1000,
&quot;ansible_selinux&quot;: {
&quot;config_mode&quot;: &quot;enforcing&quot;,
&quot;mode&quot;: &quot;enforcing&quot;,
&quot;policyvers&quot;: 34,
&quot;status&quot;: &quot;enabled&quot;,
&quot;type&quot;: &quot;targeted&quot;
},
&quot;ansible_selinux_python_present&quot;: true,
&quot;ansible_service_mgr&quot;: &quot;systemd&quot;,
&quot;ansible_swapfree_mb&quot;: 8191,
&quot;ansible_swaptotal_mb&quot;: 8191,
&quot;ansible_system&quot;: &quot;Linux&quot;,
&quot;ansible_system_capabilities&quot;: [
&quot;i&quot;
],
&quot;ansible_system_capabilities_enforced&quot;: &quot;True&quot;,
&quot;ansible_system_vendor&quot;: &quot;LENOVO&quot;,
&quot;ansible_uptime_seconds&quot;: 584908,
&quot;ansible_user_dir&quot;: &quot;/home/rafsanch&quot;,
&quot;ansible_user_gecos&quot;: &quot;rafsanch&quot;,
&quot;ansible_user_gid&quot;: 1000,
&quot;ansible_user_id&quot;: &quot;rafsanch&quot;,
&quot;ansible_user_shell&quot;: &quot;/bin/bash&quot;,
&quot;ansible_user_uid&quot;: 1000,
&quot;ansible_userspace_architecture&quot;: &quot;x86_64&quot;,
&quot;ansible_userspace_bits&quot;: &quot;64&quot;,
&quot;ansible_virbr0&quot;: {
&quot;active&quot;: false,
&quot;device&quot;: &quot;virbr0&quot;,
&quot;features&quot;: {
&quot;esp_hw_offload&quot;: &quot;off [fixed]&quot;,
&quot;esp_tx_csum_hw_offload&quot;: &quot;off [fixed]&quot;,
&quot;generic_receive_offload&quot;: &quot;on&quot;,
&quot;generic_segmentation_offload&quot;: &quot;on&quot;,
&quot;highdma&quot;: &quot;on&quot;,
&quot;hsr_dup_offload&quot;: &quot;off [fixed]&quot;,
&quot;hsr_fwd_offload&quot;: &quot;off [fixed]&quot;,
&quot;hsr_tag_ins_offload&quot;: &quot;off [fixed]&quot;,
&quot;hsr_tag_rm_offload&quot;: &quot;off [fixed]&quot;,
&quot;hw_tc_offload&quot;: &quot;off [fixed]&quot;,
&quot;l2_fwd_offload&quot;: &quot;off [fixed]&quot;,
&quot;large_receive_offload&quot;: &quot;off [fixed]&quot;,
&quot;loopback&quot;: &quot;off [fixed]&quot;,
&quot;macsec_hw_offload&quot;: &quot;off [fixed]&quot;,
&quot;ntuple_filters&quot;: &quot;off [fixed]&quot;,
&quot;receive_hashing&quot;: &quot;off [fixed]&quot;,
&quot;rx_all&quot;: &quot;off [fixed]&quot;,
&quot;rx_checksumming&quot;: &quot;off [fixed]&quot;,
&quot;rx_fcs&quot;: &quot;off [fixed]&quot;,
&quot;rx_gro_hw&quot;: &quot;off [fixed]&quot;,
&quot;rx_gro_list&quot;: &quot;off&quot;,
&quot;rx_udp_gro_forwarding&quot;: &quot;off&quot;,
&quot;rx_udp_tunnel_port_offload&quot;: &quot;off [fixed]&quot;,
&quot;rx_vlan_filter&quot;: &quot;off [fixed]&quot;,
&quot;rx_vlan_offload&quot;: &quot;off [fixed]&quot;,
&quot;rx_vlan_stag_filter&quot;: &quot;off [fixed]&quot;,
&quot;rx_vlan_stag_hw_parse&quot;: &quot;off [fixed]&quot;,
&quot;scatter_gather&quot;: &quot;on&quot;,
&quot;tcp_segmentation_offload&quot;: &quot;on&quot;,
&quot;tls_hw_record&quot;: &quot;off [fixed]&quot;,
&quot;tls_hw_rx_offload&quot;: &quot;off [fixed]&quot;,
&quot;tls_hw_tx_offload&quot;: &quot;off [fixed]&quot;,
&quot;tx_checksum_fcoe_crc&quot;: &quot;off [fixed]&quot;,
&quot;tx_checksum_ip_generic&quot;: &quot;on&quot;,
&quot;tx_checksum_ipv4&quot;: &quot;off [fixed]&quot;,
&quot;tx_checksum_ipv6&quot;: &quot;off [fixed]&quot;,
&quot;tx_checksum_sctp&quot;: &quot;off [fixed]&quot;,
&quot;tx_checksumming&quot;: &quot;on&quot;,
&quot;tx_esp_segmentation&quot;: &quot;on&quot;,
&quot;tx_fcoe_segmentation&quot;: &quot;on&quot;,
&quot;tx_gre_csum_segmentation&quot;: &quot;on&quot;,
&quot;tx_gre_segmentation&quot;: &quot;on&quot;,
&quot;tx_gso_list&quot;: &quot;on&quot;,
&quot;tx_gso_partial&quot;: &quot;on&quot;,
&quot;tx_gso_robust&quot;: &quot;on&quot;,
&quot;tx_ipxip4_segmentation&quot;: &quot;on&quot;,
&quot;tx_ipxip6_segmentation&quot;: &quot;on&quot;,
&quot;tx_nocache_copy&quot;: &quot;off&quot;,
&quot;tx_scatter_gather&quot;: &quot;on&quot;,
&quot;tx_scatter_gather_fraglist&quot;: &quot;on&quot;,
&quot;tx_sctp_segmentation&quot;: &quot;on&quot;,
&quot;tx_tcp6_segmentation&quot;: &quot;on&quot;,
&quot;tx_tcp_ecn_segmentation&quot;: &quot;on&quot;,
&quot;tx_tcp_mangleid_segmentation&quot;: &quot;on&quot;,
&quot;tx_tcp_segmentation&quot;: &quot;on&quot;,
&quot;tx_tunnel_remcsum_segmentation&quot;: &quot;on&quot;,
&quot;tx_udp_segmentation&quot;: &quot;on&quot;,
&quot;tx_udp_tnl_csum_segmentation&quot;: &quot;on&quot;,
&quot;tx_udp_tnl_segmentation&quot;: &quot;on&quot;,
&quot;tx_vlan_offload&quot;: &quot;on&quot;,
&quot;tx_vlan_stag_hw_insert&quot;: &quot;on&quot;,
&quot;vlan_challenged&quot;: &quot;off [fixed]&quot;
},
&quot;hw_timestamp_filters&quot;: [],
&quot;id&quot;: &quot;8000.5254009292ca&quot;,
&quot;interfaces&quot;: [],
&quot;ipv4&quot;: {
&quot;address&quot;: &quot;192.168.122.1&quot;,
&quot;broadcast&quot;: &quot;192.168.122.255&quot;,
&quot;netmask&quot;: &quot;255.255.255.0&quot;,
&quot;network&quot;: &quot;192.168.122.0&quot;,
&quot;prefix&quot;: &quot;24&quot;
},
&quot;macaddress&quot;: &quot;52:54:00:92:92:ca&quot;,
&quot;mtu&quot;: 1500,
&quot;promisc&quot;: false,
&quot;speed&quot;: -1,
&quot;stp&quot;: true,
&quot;timestamping&quot;: [],
&quot;type&quot;: &quot;bridge&quot;
},
&quot;ansible_virtualization_role&quot;: &quot;host&quot;,
&quot;ansible_virtualization_tech_guest&quot;: [],
&quot;ansible_virtualization_tech_host&quot;: [
&quot;kvm&quot;
],
&quot;ansible_virtualization_type&quot;: &quot;kvm&quot;,
&quot;ansible_wlp0s20f3&quot;: {
&quot;active&quot;: false,
&quot;device&quot;: &quot;wlp0s20f3&quot;,
&quot;features&quot;: {
&quot;esp_hw_offload&quot;: &quot;off [fixed]&quot;,
&quot;esp_tx_csum_hw_offload&quot;: &quot;off [fixed]&quot;,
&quot;generic_receive_offload&quot;: &quot;on&quot;,
&quot;generic_segmentation_offload&quot;: &quot;on&quot;,
&quot;highdma&quot;: &quot;on&quot;,
&quot;hsr_dup_offload&quot;: &quot;off [fixed]&quot;,
&quot;hsr_fwd_offload&quot;: &quot;off [fixed]&quot;,
&quot;hsr_tag_ins_offload&quot;: &quot;off [fixed]&quot;,
&quot;hsr_tag_rm_offload&quot;: &quot;off [fixed]&quot;,
&quot;hw_tc_offload&quot;: &quot;off [fixed]&quot;,
&quot;l2_fwd_offload&quot;: &quot;off [fixed]&quot;,
&quot;large_receive_offload&quot;: &quot;off [fixed]&quot;,
&quot;loopback&quot;: &quot;off [fixed]&quot;,
&quot;macsec_hw_offload&quot;: &quot;off [fixed]&quot;,
&quot;ntuple_filters&quot;: &quot;off [fixed]&quot;,
&quot;receive_hashing&quot;: &quot;off [fixed]&quot;,
&quot;rx_all&quot;: &quot;off [fixed]&quot;,
&quot;rx_checksumming&quot;: &quot;on [fixed]&quot;,
&quot;rx_fcs&quot;: &quot;off [fixed]&quot;,
&quot;rx_gro_hw&quot;: &quot;off [fixed]&quot;,
&quot;rx_gro_list&quot;: &quot;off&quot;,
&quot;rx_udp_gro_forwarding&quot;: &quot;off&quot;,
&quot;rx_udp_tunnel_port_offload&quot;: &quot;off [fixed]&quot;,
&quot;rx_vlan_filter&quot;: &quot;off [fixed]&quot;,
&quot;rx_vlan_offload&quot;: &quot;off [fixed]&quot;,
&quot;rx_vlan_stag_filter&quot;: &quot;off [fixed]&quot;,
&quot;rx_vlan_stag_hw_parse&quot;: &quot;off [fixed]&quot;,
&quot;scatter_gather&quot;: &quot;on&quot;,
&quot;tcp_segmentation_offload&quot;: &quot;on&quot;,
&quot;tls_hw_record&quot;: &quot;off [fixed]&quot;,
&quot;tls_hw_rx_offload&quot;: &quot;off [fixed]&quot;,
&quot;tls_hw_tx_offload&quot;: &quot;off [fixed]&quot;,
&quot;tx_checksum_fcoe_crc&quot;: &quot;off [fixed]&quot;,
&quot;tx_checksum_ip_generic&quot;: &quot;off [fixed]&quot;,
&quot;tx_checksum_ipv4&quot;: &quot;on&quot;,
&quot;tx_checksum_ipv6&quot;: &quot;on&quot;,
&quot;tx_checksum_sctp&quot;: &quot;off [fixed]&quot;,
&quot;tx_checksumming&quot;: &quot;on&quot;,
&quot;tx_esp_segmentation&quot;: &quot;off [fixed]&quot;,
&quot;tx_fcoe_segmentation&quot;: &quot;off [fixed]&quot;,
&quot;tx_gre_csum_segmentation&quot;: &quot;off [fixed]&quot;,
&quot;tx_gre_segmentation&quot;: &quot;off [fixed]&quot;,
&quot;tx_gso_list&quot;: &quot;off [fixed]&quot;,
&quot;tx_gso_partial&quot;: &quot;off [fixed]&quot;,
&quot;tx_gso_robust&quot;: &quot;off [fixed]&quot;,
&quot;tx_ipxip4_segmentation&quot;: &quot;off [fixed]&quot;,
&quot;tx_ipxip6_segmentation&quot;: &quot;off [fixed]&quot;,
&quot;tx_nocache_copy&quot;: &quot;off&quot;,
&quot;tx_scatter_gather&quot;: &quot;on&quot;,
&quot;tx_scatter_gather_fraglist&quot;: &quot;off [fixed]&quot;,
&quot;tx_sctp_segmentation&quot;: &quot;off [fixed]&quot;,
&quot;tx_tcp6_segmentation&quot;: &quot;on&quot;,
&quot;tx_tcp_ecn_segmentation&quot;: &quot;off [fixed]&quot;,
&quot;tx_tcp_mangleid_segmentation&quot;: &quot;off&quot;,
&quot;tx_tcp_segmentation&quot;: &quot;on&quot;,
&quot;tx_tunnel_remcsum_segmentation&quot;: &quot;off [fixed]&quot;,
&quot;tx_udp_segmentation&quot;: &quot;off [fixed]&quot;,
&quot;tx_udp_tnl_csum_segmentation&quot;: &quot;off [fixed]&quot;,
&quot;tx_udp_tnl_segmentation&quot;: &quot;off [fixed]&quot;,
&quot;tx_vlan_offload&quot;: &quot;off [fixed]&quot;,
&quot;tx_vlan_stag_hw_insert&quot;: &quot;off [fixed]&quot;,
&quot;vlan_challenged&quot;: &quot;off [fixed]&quot;
},
&quot;hw_timestamp_filters&quot;: [],
&quot;macaddress&quot;: &quot;72:a6:89:ab:dd:c2&quot;,
&quot;module&quot;: &quot;iwlwifi&quot;,
&quot;mtu&quot;: 1500,
&quot;pciid&quot;: &quot;0000:00:14.3&quot;,
&quot;promisc&quot;: false,
&quot;timestamping&quot;: [],
&quot;type&quot;: &quot;ether&quot;
},
&quot;gather_subset&quot;: [
&quot;all&quot;
],
&quot;module_setup&quot;: true
},
&quot;changed&quot;: false,
&quot;deprecations&quot;: [],
&quot;warnings&quot;: []
}</system-out>
		</testcase>
		<testcase classname="tests/integration/targets/hello_module/tasks/main.yml:1" name="[testhost] testhost: hello_module : Run hello_module name=World" time="0.1803112030029297">
			<system-out>{
&quot;changed&quot;: false,
&quot;message&quot;: &quot;Hello, World!&quot;
}</system-out>
		</testcase>
		<testcase classname="tests/integration/targets/hello_module/tasks/main.yml:6" name="[testhost] testhost: hello_module : Show result var=result" time="0.009967565536499023">
			<system-out>{
    &quot;changed&quot;: false,
    &quot;result&quot;: {
        &quot;changed&quot;: false,
        &quot;failed&quot;: false,
        &quot;message&quot;: &quot;Hello, World!&quot;
    }
}</system-out>
		</testcase>
		<testcase classname="tests/integration/targets/hello_module/tasks/main.yml:10" name="[testhost] testhost: hello_module : Assert the module output that=['&quot;Hello, World!&quot; in result.message']" time="0.014345884323120117">
			<system-out>{
    &quot;changed&quot;: false,
    &quot;msg&quot;: &quot;All assertions passed&quot;
}</system-out>
		</testcase>
	</testsuite>
</testsuites>
